<?xml version="1.0" encoding="UTF-8"?>
<!-- Generated by org.testng.reporters.JUnitReportReporter -->
<testsuite hostname="DESKTOP-DN6VNKM" failures="0" tests="1" name="testcases.LoginTest" time="0.000" errors="0" timestamp="2023-10-18T05:40:07 IST" skipped="1">
  <testcase classname="testcases.LoginTest" name="Login" time="0.000">
    <skipped/>
  </testcase> <!-- Login -->
  <system-out/>
</testsuite> <!-- testcases.LoginTest -->
