<?xml version="1.0" encoding="UTF-8"?>
<!-- Generated by org.testng.reporters.JUnitReportReporter -->
<testsuite hostname="DESKTOP-DN6VNKM" failures="0" tests="1" name="testcases.myfirsttestcase" time="22.607" errors="0" timestamp="2023-10-26T15:30:02 IST" skipped="0">
  <testcase classname="testcases.myfirsttestcase" name="LoginTest" time="22.607"/>
  <system-out/>
</testsuite> <!-- testcases.myfirsttestcase -->
