<?xml version="1.0" encoding="UTF-8"?>
<!-- Generated by org.testng.reporters.JUnitReportReporter -->
<testsuite hostname="DESKTOP-DN6VNKM" failures="0" tests="1" name="com.actitime.Testcases.ActitimeLoginTest" time="19.424" errors="0" timestamp="2023-10-27T14:19:40 IST" skipped="0">
  <testcase classname="com.actitime.Testcases.ActitimeLoginTest" name="Login" time="19.424"/>
  <system-out/>
</testsuite> <!-- com.actitime.Testcases.ActitimeLoginTest -->
